--- bar:
777
333
1
--- foo:
123
13
123
178
2
123
13
123
178
1
123
13
123
178
0
--- end of foo ---
--- end of bar ---
--- foo:
123
13
123
178
2
123
13
123
178
1
123
13
123
178
0
--- end of foo ---
--- bar:
123
333
0
--- foo:
123
13
123
178
2
123
13
123
178
1
123
13
123
178
0
--- end of foo ---
--- end of bar ---
1
--- bar:
1
333
0
--- foo:
123
13
123
178
2
123
13
123
178
1
123
13
123
178
0
--- end of foo ---
--- end of bar ---
2
--- bar:
2
333
0
--- foo:
123
13
123
178
2
123
13
123
178
1
123
13
123
178
0
--- end of foo ---
--- end of bar ---
--- bar:
6
333
6
--- foo:
123
13
123
178
2
123
13
123
178
1
123
13
123
178
0
--- end of foo ---
--- end of bar ---
2
0
1
0
--- bar:
55
333
55
--- foo:
123
13
123
178
2
123
13
123
178
1
123
13
123
178
0
--- end of foo ---
--- end of bar ---
0
0
789
789
